<?xml version="1.0" encoding="UTF-8"?>
<testng-results ignored="0" total="3" passed="3" failed="0" skipped="0">
  <reporter-output>
  </reporter-output>
  <suite started-at="2022-05-01T06:58:05 EET" name="All Test Suite" finished-at="2022-05-01T06:58:13 EET" duration-ms="7779">
    <groups>
    </groups>
    <test started-at="2022-05-01T06:58:05 EET" name="./part-1" finished-at="2022-05-01T06:58:13 EET" duration-ms="7779">
      <class name="TestNG.AddToWishList">
        <test-method is-config="true" signature="ReadySuite()[pri:0, instance:TestNG.AddToWishList@6aa648b9]" started-at="2022-05-01T06:58:01 EET" name="ReadySuite" finished-at="2022-05-01T06:58:05 EET" duration-ms="3996" status="PASS">
          <reporter-output>
          </reporter-output>
        </test-method> <!-- ReadySuite -->
        <test-method is-config="true" signature="StartTest()[pri:0, instance:TestNG.AddToWishList@6aa648b9]" started-at="2022-05-01T06:58:05 EET" name="StartTest" finished-at="2022-05-01T06:58:05 EET" duration-ms="0" status="PASS">
          <reporter-output>
          </reporter-output>
        </test-method> <!-- StartTest -->
        <test-method signature="AddItemToWishlist()[pri:0, instance:TestNG.AddToWishList@6aa648b9]" started-at="2022-05-01T06:58:05 EET" name="AddItemToWishlist" finished-at="2022-05-01T06:58:10 EET" duration-ms="4491" status="PASS">
          <reporter-output>
          </reporter-output>
        </test-method> <!-- AddItemToWishlist -->
        <test-method is-config="true" signature="EndTest()[pri:0, instance:TestNG.AddToWishList@6aa648b9]" started-at="2022-05-01T06:58:13 EET" name="EndTest" finished-at="2022-05-01T06:58:13 EET" duration-ms="1" status="PASS">
          <reporter-output>
          </reporter-output>
        </test-method> <!-- EndTest -->
        <test-method is-config="true" signature="EndSuite()[pri:0, instance:TestNG.AddToWishList@6aa648b9]" started-at="2022-05-01T06:58:13 EET" name="EndSuite" finished-at="2022-05-01T06:58:13 EET" duration-ms="267" status="PASS">
          <reporter-output>
          </reporter-output>
        </test-method> <!-- EndSuite -->
      </class> <!-- TestNG.AddToWishList -->
      <class name="TestNG.ViewWishlist">
        <test-method is-config="true" signature="StartTest()[pri:0, instance:TestNG.ViewWishlist@5f574cc2]" started-at="2022-05-01T06:58:05 EET" name="StartTest" finished-at="2022-05-01T06:58:05 EET" duration-ms="1" status="PASS">
          <reporter-output>
          </reporter-output>
        </test-method> <!-- StartTest -->
        <test-method signature="ViewWishlist()[pri:0, instance:TestNG.ViewWishlist@5f574cc2]" started-at="2022-05-01T06:58:12 EET" name="ViewWishlist" finished-at="2022-05-01T06:58:13 EET" duration-ms="1189" status="PASS">
          <reporter-output>
          </reporter-output>
        </test-method> <!-- ViewWishlist -->
        <test-method is-config="true" signature="EndTest()[pri:0, instance:TestNG.ViewWishlist@5f574cc2]" started-at="2022-05-01T06:58:13 EET" name="EndTest" finished-at="2022-05-01T06:58:13 EET" duration-ms="0" status="PASS">
          <reporter-output>
          </reporter-output>
        </test-method> <!-- EndTest -->
      </class> <!-- TestNG.ViewWishlist -->
      <class name="TestNG.RemoveFromWishList">
        <test-method is-config="true" signature="StartTest()[pri:0, instance:TestNG.RemoveFromWishList@23aae55]" started-at="2022-05-01T06:58:05 EET" name="StartTest" finished-at="2022-05-01T06:58:05 EET" duration-ms="0" status="PASS">
          <reporter-output>
          </reporter-output>
        </test-method> <!-- StartTest -->
        <test-method signature="RemoveItemFromWishlist()[pri:0, instance:TestNG.RemoveFromWishList@23aae55]" started-at="2022-05-01T06:58:10 EET" name="RemoveItemFromWishlist" finished-at="2022-05-01T06:58:12 EET" duration-ms="2072" status="PASS">
          <reporter-output>
          </reporter-output>
        </test-method> <!-- RemoveItemFromWishlist -->
        <test-method is-config="true" signature="endtest()[pri:0, instance:TestNG.RemoveFromWishList@23aae55]" started-at="2022-05-01T06:58:13 EET" name="endtest" finished-at="2022-05-01T06:58:13 EET" duration-ms="0" status="PASS">
          <reporter-output>
          </reporter-output>
        </test-method> <!-- endtest -->
      </class> <!-- TestNG.RemoveFromWishList -->
    </test> <!-- ./part-1 -->
  </suite> <!-- All Test Suite -->
</testng-results>
