<?xml version="1.0" encoding="UTF-8"?>
<testng-results ignored="0" total="3" passed="3" failed="0" skipped="0">
  <reporter-output>
  </reporter-output>
  <suite started-at="2022-05-01T06:34:34 EET" name="All Test Suite" finished-at="2022-05-01T06:34:50 EET" duration-ms="15678">
    <groups>
    </groups>
    <test started-at="2022-05-01T06:34:34 EET" name="./part-2" finished-at="2022-05-01T06:34:50 EET" duration-ms="15678">
      <class name="TestNG.Suite">
        <test-method is-config="true" signature="StartTest()[pri:0, instance:TestNG.Suite@3b2cf7ab]" started-at="2022-05-01T06:34:34 EET" name="StartTest" finished-at="2022-05-01T06:34:40 EET" duration-ms="5681" status="PASS">
          <reporter-output>
          </reporter-output>
        </test-method> <!-- StartTest -->
        <test-method signature="add_itemtocart()[pri:1, instance:TestNG.Suite@3b2cf7ab]" started-at="2022-05-01T06:34:40 EET" name="add_itemtocart" finished-at="2022-05-01T06:34:47 EET" duration-ms="7578" status="PASS">
          <reporter-output>
          </reporter-output>
        </test-method> <!-- add_itemtocart -->
        <test-method signature="remove_itemfromcart()[pri:2, instance:TestNG.Suite@3b2cf7ab]" started-at="2022-05-01T06:34:47 EET" name="remove_itemfromcart" finished-at="2022-05-01T06:34:47 EET" duration-ms="108" status="PASS">
          <reporter-output>
          </reporter-output>
        </test-method> <!-- remove_itemfromcart -->
        <test-method signature="viewcart()[pri:3, instance:TestNG.Suite@3b2cf7ab]" started-at="2022-05-01T06:34:47 EET" name="viewcart" finished-at="2022-05-01T06:34:49 EET" duration-ms="2037" status="PASS">
          <reporter-output>
          </reporter-output>
        </test-method> <!-- viewcart -->
        <test-method is-config="true" signature="EndTest()[pri:0, instance:TestNG.Suite@3b2cf7ab]" started-at="2022-05-01T06:34:49 EET" name="EndTest" finished-at="2022-05-01T06:34:50 EET" duration-ms="247" status="PASS">
          <reporter-output>
          </reporter-output>
        </test-method> <!-- EndTest -->
      </class> <!-- TestNG.Suite -->
    </test> <!-- ./part-2 -->
  </suite> <!-- All Test Suite -->
</testng-results>
